Traceback (most recent call last):
  File "numba.py", line 3, in <module>
    from numba import njit
  File "/home/maha.hanif/ass2/numba.py", line 3, in <module>
    from numba import njit
ImportError: cannot import name 'njit' from partially initialized module 'numba' (most likely due to a circular import) (/home/maha.hanif/ass2/numba.py)
Traceback (most recent call last):
  File "numba.py", line 3, in <module>
    from numba import njit
  File "/home/maha.hanif/ass2/numba.py", line 3, in <module>
    from numba import njit
ImportError: cannot import name 'njit' from partially initialized module 'numba' (most likely due to a circular import) (/home/maha.hanif/ass2/numba.py)
Traceback (most recent call last):
  File "numba.py", line 3, in <module>
    from numba import njit
  File "/home/maha.hanif/ass2/numba.py", line 3, in <module>
    from numba import njit
ImportError: cannot import name 'njit' from partially initialized module 'numba' (most likely due to a circular import) (/home/maha.hanif/ass2/numba.py)
Traceback (most recent call last):
  File "numba.py", line 3, in <module>
    from numba import njit
  File "/home/maha.hanif/ass2/numba.py", line 3, in <module>
    from numba import njit
ImportError: cannot import name 'njit' from partially initialized module 'numba' (most likely due to a circular import) (/home/maha.hanif/ass2/numba.py)
Traceback (most recent call last):
  File "cuda.py", line 1, in <module>
    import numba
  File "/home/maha.hanif/ass2/numba.py", line 3, in <module>
    from numba import njit
ImportError: cannot import name 'njit' from partially initialized module 'numba' (most likely due to a circular import) (/home/maha.hanif/ass2/numba.py)
Traceback (most recent call last):
  File "cuda.py", line 1, in <module>
    import numba
  File "/home/maha.hanif/ass2/numba.py", line 3, in <module>
    from numba import njit
ImportError: cannot import name 'njit' from partially initialized module 'numba' (most likely due to a circular import) (/home/maha.hanif/ass2/numba.py)
Traceback (most recent call last):
  File "cuda.py", line 1, in <module>
    import numba
  File "/home/maha.hanif/ass2/numba.py", line 3, in <module>
    from numba import njit
ImportError: cannot import name 'njit' from partially initialized module 'numba' (most likely due to a circular import) (/home/maha.hanif/ass2/numba.py)
Traceback (most recent call last):
  File "cuda.py", line 1, in <module>
    import numba
  File "/home/maha.hanif/ass2/numba.py", line 3, in <module>
    from numba import njit
ImportError: cannot import name 'njit' from partially initialized module 'numba' (most likely due to a circular import) (/home/maha.hanif/ass2/numba.py)
